<?xml version="1.0" encoding="UTF-8"?>
<!-- Generated by org.testng.reporters.JUnitReportReporter -->
<testsuite hostname="LAPTOP-669LVGAV" failures="0" tests="4" name="p2.Logouttest" time="73.390" errors="0" timestamp="2023-08-11T12:56:03 IST" skipped="0">
  <testcase classname="p2.Logouttest" name="test" time="12.692"/>
  <system-out/>
  <testcase classname="p2.Logouttest" name="test1" time="36.761"/>
  <system-out/>
  <testcase classname="p2.Logouttest" name="test2" time="16.472"/>
  <system-out/>
  <testcase classname="p2.Logouttest" name="test3" time="7.465"/>
  <system-out/>
</testsuite> <!-- p2.Logouttest -->
