<?xml version="1.0" encoding="UTF-8"?>
<!-- Generated by org.testng.reporters.JUnitReportReporter -->
<testsuite hostname="LAPTOP-669LVGAV" failures="0" tests="1" name="p2.Logintest" time="10.081" errors="0" timestamp="2023-08-11T12:54:07 IST" skipped="0">
  <testcase classname="p2.Logintest" name="test" time="10.081"/>
  <system-out/>
</testsuite> <!-- p2.Logintest -->
