<?xml version="1.0" encoding="UTF-8"?>
<!-- Generated by org.testng.reporters.JUnitReportReporter -->
<testsuite hostname="LAPTOP-669LVGAV" failures="0" tests="1" name="p2.Logint" time="68.081" errors="0" timestamp="2023-08-11T12:07:57 IST" skipped="0">
  <testcase classname="p2.Logint" name="test" time="68.081"/>
  <system-out/>
</testsuite> <!-- p2.Logint -->
